{"D:\\Personal projects\\Capy's Money\\src\\screens\\LoginScreen.tsx": {"path":"D:\\Personal projects\\Capy's Money\\src\\screens\\LoginScreen.tsx","statementMap":{"0":{"start":{"line":18,"column":28},"end":{"line":18,"column":40}},"1":{"start":{"line":19,"column":26},"end":{"line":19,"column":38}},"2":{"start":{"line":20,"column":28},"end":{"line":20,"column":40}},"3":{"start":{"line":21,"column":32},"end":{"line":21,"column":47}},"4":{"start":{"line":22,"column":42},"end":{"line":22,"column":57}},"5":{"start":{"line":23,"column":48},"end":{"line":23,"column":63}},"6":{"start":{"line":25,"column":22},"end":{"line":41,"column":3}},"7":{"start":{"line":26,"column":4},"end":{"line":26,"column":24}},"8":{"start":{"line":26,"column":17},"end":{"line":26,"column":24}},"9":{"start":{"line":27,"column":4},"end":{"line":27,"column":17}},"10":{"start":{"line":28,"column":4},"end":{"line":28,"column":21}},"11":{"start":{"line":29,"column":4},"end":{"line":40,"column":5}},"12":{"start":{"line":30,"column":18},"end":{"line":30,"column":51}},"13":{"start":{"line":31,"column":6},"end":{"line":35,"column":7}},"14":{"start":{"line":32,"column":8},"end":{"line":32,"column":28}},"15":{"start":{"line":37,"column":6},"end":{"line":37,"column":61}},"16":{"start":{"line":39,"column":6},"end":{"line":39,"column":24}},"17":{"start":{"line":43,"column":28},"end":{"line":59,"column":3}},"18":{"start":{"line":44,"column":4},"end":{"line":44,"column":24}},"19":{"start":{"line":44,"column":17},"end":{"line":44,"column":24}},"20":{"start":{"line":45,"column":4},"end":{"line":45,"column":17}},"21":{"start":{"line":46,"column":4},"end":{"line":46,"column":21}},"22":{"start":{"line":47,"column":4},"end":{"line":58,"column":5}},"23":{"start":{"line":48,"column":18},"end":{"line":48,"column":41}},"24":{"start":{"line":49,"column":6},"end":{"line":53,"column":7}},"25":{"start":{"line":50,"column":8},"end":{"line":50,"column":28}},"26":{"start":{"line":55,"column":6},"end":{"line":55,"column":61}},"27":{"start":{"line":57,"column":6},"end":{"line":57,"column":24}},"28":{"start":{"line":61,"column":2},"end":{"line":197,"column":4}},"29":{"start":{"line":108,"column":33},"end":{"line":108,"column":54}},"30":{"start":{"line":109,"column":32},"end":{"line":109,"column":54}},"31":{"start":{"line":128,"column":33},"end":{"line":128,"column":57}},"32":{"start":{"line":129,"column":32},"end":{"line":129,"column":57}},"33":{"start":{"line":200,"column":15},"end":{"line":395,"column":2}}},"fnMap":{"0":{"name":"LoginScreen","decl":{"start":{"line":17,"column":24},"end":{"line":17,"column":35}},"loc":{"start":{"line":17,"column":38},"end":{"line":198,"column":1}},"line":17},"1":{"name":"(anonymous_1)","decl":{"start":{"line":25,"column":22},"end":{"line":25,"column":23}},"loc":{"start":{"line":25,"column":34},"end":{"line":41,"column":3}},"line":25},"2":{"name":"(anonymous_2)","decl":{"start":{"line":43,"column":28},"end":{"line":43,"column":29}},"loc":{"start":{"line":43,"column":40},"end":{"line":59,"column":3}},"line":43},"3":{"name":"(anonymous_3)","decl":{"start":{"line":108,"column":27},"end":{"line":108,"column":28}},"loc":{"start":{"line":108,"column":33},"end":{"line":108,"column":54}},"line":108},"4":{"name":"(anonymous_4)","decl":{"start":{"line":109,"column":26},"end":{"line":109,"column":27}},"loc":{"start":{"line":109,"column":32},"end":{"line":109,"column":54}},"line":109},"5":{"name":"(anonymous_5)","decl":{"start":{"line":128,"column":27},"end":{"line":128,"column":28}},"loc":{"start":{"line":128,"column":33},"end":{"line":128,"column":57}},"line":128},"6":{"name":"(anonymous_6)","decl":{"start":{"line":129,"column":26},"end":{"line":129,"column":27}},"loc":{"start":{"line":129,"column":32},"end":{"line":129,"column":57}},"line":129}},"branchMap":{"0":{"loc":{"start":{"line":26,"column":4},"end":{"line":26,"column":24}},"type":"if","locations":[{"start":{"line":26,"column":4},"end":{"line":26,"column":24}},{"start":{},"end":{}}],"line":26},"1":{"loc":{"start":{"line":31,"column":6},"end":{"line":35,"column":7}},"type":"if","locations":[{"start":{"line":31,"column":6},"end":{"line":35,"column":7}},{"start":{"line":33,"column":13},"end":{"line":35,"column":7}}],"line":31},"2":{"loc":{"start":{"line":44,"column":4},"end":{"line":44,"column":24}},"type":"if","locations":[{"start":{"line":44,"column":4},"end":{"line":44,"column":24}},{"start":{},"end":{}}],"line":44},"3":{"loc":{"start":{"line":49,"column":6},"end":{"line":53,"column":7}},"type":"if","locations":[{"start":{"line":49,"column":6},"end":{"line":53,"column":7}},{"start":{"line":51,"column":13},"end":{"line":53,"column":7}}],"line":49},"4":{"loc":{"start":{"line":64,"column":18},"end":{"line":64,"column":62}},"type":"cond-expr","locations":[{"start":{"line":64,"column":42},"end":{"line":64,"column":51}},{"start":{"line":64,"column":54},"end":{"line":64,"column":62}}],"line":64},"5":{"loc":{"start":{"line":96,"column":18},"end":{"line":96,"column":60}},"type":"binary-expr","locations":[{"start":{"line":96,"column":18},"end":{"line":96,"column":30}},{"start":{"line":96,"column":34},"end":{"line":96,"column":60}}],"line":96},"6":{"loc":{"start":{"line":117,"column":18},"end":{"line":117,"column":63}},"type":"binary-expr","locations":[{"start":{"line":117,"column":18},"end":{"line":117,"column":33}},{"start":{"line":117,"column":37},"end":{"line":117,"column":63}}],"line":117},"7":{"loc":{"start":{"line":134,"column":15},"end":{"line":138,"column":22}},"type":"cond-expr","locations":[{"start":{"line":135,"column":16},"end":{"line":137,"column":23}},{"start":{"line":138,"column":18},"end":{"line":138,"column":22}}],"line":134},"8":{"loc":{"start":{"line":143,"column":44},"end":{"line":143,"column":76}},"type":"binary-expr","locations":[{"start":{"line":143,"column":44},"end":{"line":143,"column":51}},{"start":{"line":143,"column":55},"end":{"line":143,"column":76}}],"line":143},"9":{"loc":{"start":{"line":147,"column":17},"end":{"line":151,"column":17}},"type":"cond-expr","locations":[{"start":{"line":148,"column":18},"end":{"line":148,"column":55}},{"start":{"line":150,"column":18},"end":{"line":150,"column":71}}],"line":147},"10":{"loc":{"start":{"line":157,"column":45},"end":{"line":157,"column":77}},"type":"binary-expr","locations":[{"start":{"line":157,"column":45},"end":{"line":157,"column":52}},{"start":{"line":157,"column":56},"end":{"line":157,"column":77}}],"line":157},"11":{"loc":{"start":{"line":219,"column":16},"end":{"line":219,"column":63}},"type":"cond-expr","locations":[{"start":{"line":219,"column":40},"end":{"line":219,"column":48}},{"start":{"line":219,"column":51},"end":{"line":219,"column":63}}],"line":219},"12":{"loc":{"start":{"line":248,"column":16},"end":{"line":248,"column":63}},"type":"cond-expr","locations":[{"start":{"line":248,"column":40},"end":{"line":248,"column":48}},{"start":{"line":248,"column":51},"end":{"line":248,"column":63}}],"line":248},"13":{"loc":{"start":{"line":257,"column":16},"end":{"line":257,"column":63}},"type":"cond-expr","locations":[{"start":{"line":257,"column":40},"end":{"line":257,"column":48}},{"start":{"line":257,"column":51},"end":{"line":257,"column":63}}],"line":257},"14":{"loc":{"start":{"line":279,"column":16},"end":{"line":279,"column":63}},"type":"cond-expr","locations":[{"start":{"line":279,"column":40},"end":{"line":279,"column":48}},{"start":{"line":279,"column":51},"end":{"line":279,"column":63}}],"line":279},"15":{"loc":{"start":{"line":346,"column":16},"end":{"line":346,"column":63}},"type":"cond-expr","locations":[{"start":{"line":346,"column":40},"end":{"line":346,"column":48}},{"start":{"line":346,"column":51},"end":{"line":346,"column":63}}],"line":346},"16":{"loc":{"start":{"line":366,"column":16},"end":{"line":366,"column":63}},"type":"cond-expr","locations":[{"start":{"line":366,"column":40},"end":{"line":366,"column":48}},{"start":{"line":366,"column":51},"end":{"line":366,"column":63}}],"line":366},"17":{"loc":{"start":{"line":371,"column":16},"end":{"line":371,"column":63}},"type":"cond-expr","locations":[{"start":{"line":371,"column":40},"end":{"line":371,"column":48}},{"start":{"line":371,"column":51},"end":{"line":371,"column":63}}],"line":371},"18":{"loc":{"start":{"line":387,"column":16},"end":{"line":387,"column":63}},"type":"cond-expr","locations":[{"start":{"line":387,"column":40},"end":{"line":387,"column":48}},{"start":{"line":387,"column":51},"end":{"line":387,"column":63}}],"line":387}},"s":{"0":10,"1":10,"2":10,"3":10,"4":10,"5":10,"6":10,"7":2,"8":0,"9":2,"10":2,"11":2,"12":2,"13":2,"14":1,"15":0,"16":2,"17":10,"18":1,"19":0,"20":1,"21":1,"22":1,"23":1,"24":1,"25":0,"26":0,"27":1,"28":10,"29":0,"30":0,"31":0,"32":0,"33":1},"f":{"0":10,"1":2,"2":1,"3":0,"4":0,"5":0,"6":0},"b":{"0":[0,2],"1":[1,1],"2":[0,1],"3":[0,1],"4":[10,0],"5":[10,0],"6":[10,0],"7":[1,9],"8":[10,0],"9":[0,10],"10":[10,0],"11":[1,0],"12":[1,0],"13":[1,0],"14":[1,0],"15":[1,0],"16":[1,0],"17":[1,0],"18":[1,0]},"_coverageSchema":"1a1c01bbd47fc00a2c39e90264f33305004495a9","hash":"fa4e16f767eea12fea0623f1da1030575918ff6d"}
,"D:\\Personal projects\\Capy's Money\\src\\services\\authService.ts": {"path":"D:\\Personal projects\\Capy's Money\\src\\services\\authService.ts","statementMap":{"0":{"start":{"line":7,"column":0},"end":{"line":7,"column":38}},"1":{"start":{"line":9,"column":21},"end":{"line":9,"column":44}},"2":{"start":{"line":10,"column":20},"end":{"line":10,"column":41}},"3":{"start":{"line":11,"column":21},"end":{"line":11,"column":22}},"4":{"start":{"line":12,"column":25},"end":{"line":12,"column":39}},"5":{"start":{"line":21,"column":31},"end":{"line":105,"column":1}},"6":{"start":{"line":22,"column":2},"end":{"line":104,"column":3}},"7":{"start":{"line":23,"column":24},"end":{"line":23,"column":58}},"8":{"start":{"line":24,"column":4},"end":{"line":24,"column":54}},"9":{"start":{"line":25,"column":4},"end":{"line":25,"column":56}},"10":{"start":{"line":26,"column":4},"end":{"line":26,"column":54}},"11":{"start":{"line":28,"column":28},"end":{"line":34,"column":6}},"12":{"start":{"line":36,"column":4},"end":{"line":36,"column":27}},"13":{"start":{"line":36,"column":15},"end":{"line":36,"column":27}},"14":{"start":{"line":37,"column":4},"end":{"line":37,"column":61}},"15":{"start":{"line":37,"column":20},"end":{"line":37,"column":61}},"16":{"start":{"line":40,"column":4},"end":{"line":53,"column":5}},"17":{"start":{"line":41,"column":6},"end":{"line":41,"column":67}},"18":{"start":{"line":42,"column":6},"end":{"line":42,"column":41}},"19":{"start":{"line":43,"column":6},"end":{"line":43,"column":66}},"20":{"start":{"line":45,"column":21},"end":{"line":45,"column":52}},"21":{"start":{"line":46,"column":6},"end":{"line":48,"column":7}},"22":{"start":{"line":47,"column":8},"end":{"line":47,"column":60}},"23":{"start":{"line":50,"column":6},"end":{"line":52,"column":8}},"24":{"start":{"line":56,"column":4},"end":{"line":56,"column":52}},"25":{"start":{"line":57,"column":4},"end":{"line":57,"column":39}},"26":{"start":{"line":58,"column":4},"end":{"line":58,"column":52}},"27":{"start":{"line":60,"column":16},"end":{"line":60,"column":76}},"28":{"start":{"line":62,"column":4},"end":{"line":62,"column":52}},"29":{"start":{"line":63,"column":4},"end":{"line":63,"column":42}},"30":{"start":{"line":64,"column":4},"end":{"line":66,"column":5}},"31":{"start":{"line":65,"column":6},"end":{"line":65,"column":44}},"32":{"start":{"line":67,"column":4},"end":{"line":67,"column":52}},"33":{"start":{"line":69,"column":4},"end":{"line":93,"column":5}},"34":{"start":{"line":71,"column":23},"end":{"line":71,"column":82}},"35":{"start":{"line":72,"column":21},"end":{"line":72,"column":44}},"36":{"start":{"line":73,"column":46},"end":{"line":73,"column":70}},"37":{"start":{"line":75,"column":6},"end":{"line":75,"column":43}},"38":{"start":{"line":76,"column":6},"end":{"line":76,"column":71}},"39":{"start":{"line":77,"column":6},"end":{"line":77,"column":73}},"40":{"start":{"line":78,"column":6},"end":{"line":78,"column":43}},"41":{"start":{"line":80,"column":6},"end":{"line":92,"column":7}},"42":{"start":{"line":81,"column":40},"end":{"line":84,"column":10}},"43":{"start":{"line":86,"column":8},"end":{"line":86,"column":45}},"44":{"start":{"line":86,"column":26},"end":{"line":86,"column":45}},"45":{"start":{"line":88,"column":8},"end":{"line":91,"column":10}},"46":{"start":{"line":95,"column":4},"end":{"line":98,"column":6}},"47":{"start":{"line":100,"column":4},"end":{"line":103,"column":6}},"48":{"start":{"line":107,"column":30},"end":{"line":185,"column":1}},"49":{"start":{"line":109,"column":2},"end":{"line":114,"column":3}},"50":{"start":{"line":110,"column":4},"end":{"line":113,"column":6}},"51":{"start":{"line":116,"column":2},"end":{"line":184,"column":3}},"52":{"start":{"line":118,"column":28},"end":{"line":118,"column":67}},"53":{"start":{"line":119,"column":4},"end":{"line":131,"column":5}},"54":{"start":{"line":120,"column":27},"end":{"line":120,"column":66}},"55":{"start":{"line":121,"column":6},"end":{"line":130,"column":7}},"56":{"start":{"line":122,"column":8},"end":{"line":125,"column":10}},"57":{"start":{"line":128,"column":8},"end":{"line":128,"column":51}},"58":{"start":{"line":129,"column":8},"end":{"line":129,"column":54}},"59":{"start":{"line":134,"column":28},"end":{"line":137,"column":6}},"60":{"start":{"line":139,"column":4},"end":{"line":166,"column":5}},"61":{"start":{"line":141,"column":6},"end":{"line":159,"column":7}},"62":{"start":{"line":142,"column":28},"end":{"line":142,"column":75}},"63":{"start":{"line":143,"column":25},"end":{"line":143,"column":54}},"64":{"start":{"line":145,"column":8},"end":{"line":158,"column":9}},"65":{"start":{"line":146,"column":30},"end":{"line":146,"column":69}},"66":{"start":{"line":147,"column":10},"end":{"line":147,"column":74}},"67":{"start":{"line":148,"column":10},"end":{"line":151,"column":12}},"68":{"start":{"line":153,"column":10},"end":{"line":153,"column":72}},"69":{"start":{"line":154,"column":10},"end":{"line":157,"column":12}},"70":{"start":{"line":162,"column":6},"end":{"line":165,"column":8}},"71":{"start":{"line":169,"column":4},"end":{"line":169,"column":50}},"72":{"start":{"line":170,"column":4},"end":{"line":170,"column":47}},"73":{"start":{"line":173,"column":4},"end":{"line":177,"column":6}},"74":{"start":{"line":180,"column":4},"end":{"line":183,"column":6}}},"fnMap":{"0":{"name":"(anonymous_0)","decl":{"start":{"line":21,"column":31},"end":{"line":21,"column":32}},"loc":{"start":{"line":21,"column":65},"end":{"line":105,"column":1}},"line":21},"1":{"name":"(anonymous_1)","decl":{"start":{"line":107,"column":30},"end":{"line":107,"column":31}},"loc":{"start":{"line":107,"column":91},"end":{"line":185,"column":1}},"line":107}},"branchMap":{"0":{"loc":{"start":{"line":36,"column":4},"end":{"line":36,"column":27}},"type":"if","locations":[{"start":{"line":36,"column":4},"end":{"line":36,"column":27}},{"start":{},"end":{}}],"line":36},"1":{"loc":{"start":{"line":37,"column":4},"end":{"line":37,"column":61}},"type":"if","locations":[{"start":{"line":37,"column":4},"end":{"line":37,"column":61}},{"start":{},"end":{}}],"line":37},"2":{"loc":{"start":{"line":40,"column":4},"end":{"line":53,"column":5}},"type":"if","locations":[{"start":{"line":40,"column":4},"end":{"line":53,"column":5}},{"start":{},"end":{}}],"line":40},"3":{"loc":{"start":{"line":46,"column":6},"end":{"line":48,"column":7}},"type":"if","locations":[{"start":{"line":46,"column":6},"end":{"line":48,"column":7}},{"start":{},"end":{}}],"line":46},"4":{"loc":{"start":{"line":64,"column":4},"end":{"line":66,"column":5}},"type":"if","locations":[{"start":{"line":64,"column":4},"end":{"line":66,"column":5}},{"start":{},"end":{}}],"line":64},"5":{"loc":{"start":{"line":69,"column":4},"end":{"line":93,"column":5}},"type":"if","locations":[{"start":{"line":69,"column":4},"end":{"line":93,"column":5}},{"start":{},"end":{}}],"line":69},"6":{"loc":{"start":{"line":69,"column":8},"end":{"line":69,"column":41}},"type":"binary-expr","locations":[{"start":{"line":69,"column":8},"end":{"line":69,"column":30}},{"start":{"line":69,"column":34},"end":{"line":69,"column":41}}],"line":69},"7":{"loc":{"start":{"line":71,"column":23},"end":{"line":71,"column":82}},"type":"cond-expr","locations":[{"start":{"line":71,"column":47},"end":{"line":71,"column":72}},{"start":{"line":71,"column":75},"end":{"line":71,"column":82}}],"line":71},"8":{"loc":{"start":{"line":73,"column":46},"end":{"line":73,"column":70}},"type":"binary-expr","locations":[{"start":{"line":73,"column":46},"end":{"line":73,"column":64}},{"start":{"line":73,"column":68},"end":{"line":73,"column":70}}],"line":73},"9":{"loc":{"start":{"line":76,"column":35},"end":{"line":76,"column":69}},"type":"cond-expr","locations":[{"start":{"line":76,"column":50},"end":{"line":76,"column":59}},{"start":{"line":76,"column":62},"end":{"line":76,"column":69}}],"line":76},"10":{"loc":{"start":{"line":77,"column":36},"end":{"line":77,"column":71}},"type":"cond-expr","locations":[{"start":{"line":77,"column":52},"end":{"line":77,"column":61}},{"start":{"line":77,"column":64},"end":{"line":77,"column":71}}],"line":77},"11":{"loc":{"start":{"line":80,"column":6},"end":{"line":92,"column":7}},"type":"if","locations":[{"start":{"line":80,"column":6},"end":{"line":92,"column":7}},{"start":{},"end":{}}],"line":80},"12":{"loc":{"start":{"line":80,"column":10},"end":{"line":80,"column":39}},"type":"binary-expr","locations":[{"start":{"line":80,"column":10},"end":{"line":80,"column":22}},{"start":{"line":80,"column":26},"end":{"line":80,"column":39}}],"line":80},"13":{"loc":{"start":{"line":82,"column":24},"end":{"line":82,"column":84}},"type":"cond-expr","locations":[{"start":{"line":82,"column":54},"end":{"line":82,"column":69}},{"start":{"line":82,"column":72},"end":{"line":82,"column":84}}],"line":82},"14":{"loc":{"start":{"line":83,"column":25},"end":{"line":83,"column":88}},"type":"cond-expr","locations":[{"start":{"line":83,"column":56},"end":{"line":83,"column":72}},{"start":{"line":83,"column":75},"end":{"line":83,"column":88}}],"line":83},"15":{"loc":{"start":{"line":86,"column":8},"end":{"line":86,"column":45}},"type":"if","locations":[{"start":{"line":86,"column":8},"end":{"line":86,"column":45}},{"start":{},"end":{}}],"line":86},"16":{"loc":{"start":{"line":109,"column":2},"end":{"line":114,"column":3}},"type":"if","locations":[{"start":{"line":109,"column":2},"end":{"line":114,"column":3}},{"start":{},"end":{}}],"line":109},"17":{"loc":{"start":{"line":109,"column":6},"end":{"line":109,"column":36}},"type":"binary-expr","locations":[{"start":{"line":109,"column":6},"end":{"line":109,"column":12}},{"start":{"line":109,"column":16},"end":{"line":109,"column":36}}],"line":109},"18":{"loc":{"start":{"line":119,"column":4},"end":{"line":131,"column":5}},"type":"if","locations":[{"start":{"line":119,"column":4},"end":{"line":131,"column":5}},{"start":{},"end":{}}],"line":119},"19":{"loc":{"start":{"line":121,"column":6},"end":{"line":130,"column":7}},"type":"if","locations":[{"start":{"line":121,"column":6},"end":{"line":130,"column":7}},{"start":{"line":126,"column":13},"end":{"line":130,"column":7}}],"line":121},"20":{"loc":{"start":{"line":139,"column":4},"end":{"line":166,"column":5}},"type":"if","locations":[{"start":{"line":139,"column":4},"end":{"line":166,"column":5}},{"start":{},"end":{}}],"line":139},"21":{"loc":{"start":{"line":141,"column":6},"end":{"line":159,"column":7}},"type":"if","locations":[{"start":{"line":141,"column":6},"end":{"line":159,"column":7}},{"start":{},"end":{}}],"line":141},"22":{"loc":{"start":{"line":141,"column":10},"end":{"line":141,"column":99}},"type":"binary-expr","locations":[{"start":{"line":141,"column":10},"end":{"line":141,"column":75}},{"start":{"line":141,"column":79},"end":{"line":141,"column":99}}],"line":141},"23":{"loc":{"start":{"line":142,"column":28},"end":{"line":142,"column":75}},"type":"binary-expr","locations":[{"start":{"line":142,"column":28},"end":{"line":142,"column":68}},{"start":{"line":142,"column":72},"end":{"line":142,"column":75}}],"line":142},"24":{"loc":{"start":{"line":145,"column":8},"end":{"line":158,"column":9}},"type":"if","locations":[{"start":{"line":145,"column":8},"end":{"line":158,"column":9}},{"start":{"line":152,"column":15},"end":{"line":158,"column":9}}],"line":145}},"s":{"0":1,"1":1,"2":1,"3":1,"4":1,"5":1,"6":3,"7":3,"8":3,"9":3,"10":3,"11":3,"12":3,"13":1,"14":2,"15":0,"16":2,"17":0,"18":0,"19":0,"20":0,"21":0,"22":0,"23":0,"24":2,"25":2,"26":2,"27":2,"28":2,"29":2,"30":2,"31":1,"32":2,"33":2,"34":1,"35":1,"36":1,"37":1,"38":1,"39":1,"40":1,"41":1,"42":1,"43":1,"44":0,"45":1,"46":1,"47":1,"48":1,"49":3,"50":1,"51":2,"52":2,"53":2,"54":2,"55":2,"56":0,"57":2,"58":2,"59":2,"60":2,"61":2,"62":2,"63":2,"64":2,"65":1,"66":1,"67":1,"68":1,"69":1,"70":0,"71":0,"72":0,"73":0,"74":0},"f":{"0":3,"1":3},"b":{"0":[1,2],"1":[0,2],"2":[0,2],"3":[0,0],"4":[1,1],"5":[1,1],"6":[2,1],"7":[0,1],"8":[1,0],"9":[1,0],"10":[1,0],"11":[1,0],"12":[1,1],"13":[0,1],"14":[0,1],"15":[0,1],"16":[1,2],"17":[3,3],"18":[2,0],"19":[0,2],"20":[2,0],"21":[2,0],"22":[2,0],"23":[2,0],"24":[1,1]},"_coverageSchema":"1a1c01bbd47fc00a2c39e90264f33305004495a9","hash":"ec8016aeafdd308414755d7cf96523f572fa30be"}
}
