TN:
SF:src\screens\LoginScreen.tsx
FN:17,LoginScreen
FN:25,(anonymous_1)
FN:43,(anonymous_2)
FN:108,(anonymous_3)
FN:109,(anonymous_4)
FN:128,(anonymous_5)
FN:129,(anonymous_6)
FNF:7
FNH:3
FNDA:10,LoginScreen
FNDA:2,(anonymous_1)
FNDA:1,(anonymous_2)
FNDA:0,(anonymous_3)
FNDA:0,(anonymous_4)
FNDA:0,(anonymous_5)
FNDA:0,(anonymous_6)
DA:18,10
DA:19,10
DA:20,10
DA:21,10
DA:22,10
DA:23,10
DA:25,10
DA:26,2
DA:27,2
DA:28,2
DA:29,2
DA:30,2
DA:31,2
DA:32,1
DA:37,0
DA:39,2
DA:43,10
DA:44,1
DA:45,1
DA:46,1
DA:47,1
DA:48,1
DA:49,1
DA:50,0
DA:55,0
DA:57,1
DA:61,10
DA:108,0
DA:109,0
DA:128,0
DA:129,0
DA:200,1
LF:32
LH:25
BRDA:26,0,0,0
BRDA:26,0,1,2
BRDA:31,1,0,1
BRDA:31,1,1,1
BRDA:44,2,0,0
BRDA:44,2,1,1
BRDA:49,3,0,0
BRDA:49,3,1,1
BRDA:64,4,0,10
BRDA:64,4,1,0
BRDA:96,5,0,10
BRDA:96,5,1,0
BRDA:117,6,0,10
BRDA:117,6,1,0
BRDA:134,7,0,1
BRDA:134,7,1,9
BRDA:143,8,0,10
BRDA:143,8,1,0
BRDA:147,9,0,0
BRDA:147,9,1,10
BRDA:157,10,0,10
BRDA:157,10,1,0
BRDA:219,11,0,1
BRDA:219,11,1,0
BRDA:248,12,0,1
BRDA:248,12,1,0
BRDA:257,13,0,1
BRDA:257,13,1,0
BRDA:279,14,0,1
BRDA:279,14,1,0
BRDA:346,15,0,1
BRDA:346,15,1,0
BRDA:366,16,0,1
BRDA:366,16,1,0
BRDA:371,17,0,1
BRDA:371,17,1,0
BRDA:387,18,0,1
BRDA:387,18,1,0
BRF:38
BRH:21
end_of_record
TN:
SF:src\services\authService.ts
FN:21,(anonymous_0)
FN:107,(anonymous_1)
FNF:2
FNH:2
FNDA:3,(anonymous_0)
FNDA:3,(anonymous_1)
DA:7,1
DA:9,1
DA:10,1
DA:11,1
DA:12,1
DA:21,1
DA:22,3
DA:23,3
DA:24,3
DA:25,3
DA:26,3
DA:28,3
DA:36,3
DA:37,2
DA:40,2
DA:41,0
DA:42,0
DA:43,0
DA:45,0
DA:46,0
DA:47,0
DA:50,0
DA:56,2
DA:57,2
DA:58,2
DA:60,2
DA:62,2
DA:63,2
DA:64,2
DA:65,1
DA:67,2
DA:69,2
DA:71,1
DA:72,1
DA:73,1
DA:75,1
DA:76,1
DA:77,1
DA:78,1
DA:80,1
DA:81,1
DA:86,1
DA:88,1
DA:95,1
DA:100,1
DA:107,1
DA:109,3
DA:110,1
DA:116,2
DA:118,2
DA:119,2
DA:120,2
DA:121,2
DA:122,0
DA:128,2
DA:129,2
DA:134,2
DA:139,2
DA:141,2
DA:142,2
DA:143,2
DA:145,2
DA:146,1
DA:147,1
DA:148,1
DA:153,1
DA:154,1
DA:162,0
DA:169,0
DA:170,0
DA:173,0
DA:180,0
LF:72
LH:59
BRDA:36,0,0,1
BRDA:36,0,1,2
BRDA:37,1,0,0
BRDA:37,1,1,2
BRDA:40,2,0,0
BRDA:40,2,1,2
BRDA:46,3,0,0
BRDA:46,3,1,0
BRDA:64,4,0,1
BRDA:64,4,1,1
BRDA:69,5,0,1
BRDA:69,5,1,1
BRDA:69,6,0,2
BRDA:69,6,1,1
BRDA:71,7,0,0
BRDA:71,7,1,1
BRDA:73,8,0,1
BRDA:73,8,1,0
BRDA:76,9,0,1
BRDA:76,9,1,0
BRDA:77,10,0,1
BRDA:77,10,1,0
BRDA:80,11,0,1
BRDA:80,11,1,0
BRDA:80,12,0,1
BRDA:80,12,1,1
BRDA:82,13,0,0
BRDA:82,13,1,1
BRDA:83,14,0,0
BRDA:83,14,1,1
BRDA:86,15,0,0
BRDA:86,15,1,1
BRDA:109,16,0,1
BRDA:109,16,1,2
BRDA:109,17,0,3
BRDA:109,17,1,3
BRDA:119,18,0,2
BRDA:119,18,1,0
BRDA:121,19,0,0
BRDA:121,19,1,2
BRDA:139,20,0,2
BRDA:139,20,1,0
BRDA:141,21,0,2
BRDA:141,21,1,0
BRDA:141,22,0,2
BRDA:141,22,1,0
BRDA:142,23,0,2
BRDA:142,23,1,0
BRDA:145,24,0,1
BRDA:145,24,1,1
BRF:50
BRH:32
end_of_record
